<?xml version="1.0" encoding="UTF-8"?>
<!-- Generated by org.testng.reporters.JUnitXMLReporter -->
<testsuite ignored="0" hostname="DESKTOP-UF8DG65" failures="0" tests="3" name="Todos los tests" time="0.157" errors="0" timestamp="2025-07-24T10:35:16 ART">
  <testcase classname="funcionalidad.login.LoginTest" name="loginConUsuarioInvalido" time="0.008"/>
  <testcase classname="funcionalidad.login.LoginTest" name="loginExitoso" time="0.01"/>
  <testcase classname="funcionalidad.compra.CompraTest" name="compraProducto" time="0.004"/>
</testsuite> <!-- Todos los tests -->
