<?xml version="1.0" encoding="UTF-8"?>
<!-- Generated by org.testng.reporters.JUnitXMLReporter -->
<testsuite ignored="2" hostname="DESKTOP-UF8DG65" failures="0" tests="1" name="Smoke Tests" time="0.13" errors="0" timestamp="2025-07-24T20:20:19 ART">
  <testcase classname="funcionalidad.login.LoginTest" name="loginExitoso" time="0.018"/>
  <testcase classname="funcionalidad.login.LoginTest" name="loginConUsuarioInvalido" time="0.0">
    <ignored/>
  </testcase> <!-- loginConUsuarioInvalido -->
  <testcase classname="funcionalidad.compra.CompraTest" name="compraProducto" time="0.0">
    <ignored/>
  </testcase> <!-- compraProducto -->
</testsuite> <!-- Smoke Tests -->
