<?xml version="1.0" encoding="UTF-8"?>
<!-- Generated by org.testng.reporters.JUnitXMLReporter -->
<testsuite ignored="0" hostname="DESKTOP-UF8DG65" failures="0" tests="3" name="Regression Tests" time="0.259" errors="0" timestamp="2025-07-24T20:22:49 ART">
  <testcase classname="funcionalidad.login.LoginTest" name="loginConUsuarioInvalido" time="0.025"/>
  <testcase classname="funcionalidad.login.LoginTest" name="loginExitoso" time="0.01"/>
  <testcase classname="funcionalidad.compra.CompraTest" name="compraProducto" time="0.004"/>
</testsuite> <!-- Regression Tests -->
