<?xml version="1.0" encoding="UTF-8"?>
<testng-results ignored="0" total="3" passed="3" failed="0" skipped="0">
  <reporter-output>
  </reporter-output>
  <suite started-at="2025-07-24T20:22:49 ART" name="Regression Suite" finished-at="2025-07-24T20:22:49 ART" duration-ms="259">
    <groups>
      <group name="regression">
        <method signature="CompraTest.compraProducto()[pri:0, instance:funcionalidad.compra.CompraTest@51c668e3]" name="compraProducto" class="funcionalidad.compra.CompraTest"/>
        <method signature="LoginTest.loginConUsuarioInvalido()[pri:0, instance:funcionalidad.login.LoginTest@6bd61f98]" name="loginConUsuarioInvalido" class="funcionalidad.login.LoginTest"/>
        <method signature="LoginTest.loginExitoso()[pri:0, instance:funcionalidad.login.LoginTest@6bd61f98]" name="loginExitoso" class="funcionalidad.login.LoginTest"/>
      </group> <!-- regression -->
      <group name="smoke">
        <method signature="LoginTest.loginExitoso()[pri:0, instance:funcionalidad.login.LoginTest@6bd61f98]" name="loginExitoso" class="funcionalidad.login.LoginTest"/>
      </group> <!-- smoke -->
    </groups>
    <test started-at="2025-07-24T20:22:49 ART" name="Regression Tests" finished-at="2025-07-24T20:22:49 ART" duration-ms="259">
      <class name="funcionalidad.compra.CompraTest">
        <test-method signature="compraProducto()[pri:0, instance:funcionalidad.compra.CompraTest@51c668e3]" started-at="2025-07-24T20:22:49 ART" name="compraProducto" finished-at="2025-07-24T20:22:49 ART" duration-ms="4" status="PASS">
          <reporter-output>
          </reporter-output>
        </test-method> <!-- compraProducto -->
      </class> <!-- funcionalidad.compra.CompraTest -->
      <class name="funcionalidad.login.LoginTest">
        <test-method signature="loginConUsuarioInvalido()[pri:0, instance:funcionalidad.login.LoginTest@6bd61f98]" started-at="2025-07-24T20:22:49 ART" name="loginConUsuarioInvalido" finished-at="2025-07-24T20:22:49 ART" duration-ms="25" status="PASS">
          <reporter-output>
          </reporter-output>
        </test-method> <!-- loginConUsuarioInvalido -->
        <test-method signature="loginExitoso()[pri:0, instance:funcionalidad.login.LoginTest@6bd61f98]" started-at="2025-07-24T20:22:49 ART" name="loginExitoso" finished-at="2025-07-24T20:22:49 ART" duration-ms="10" status="PASS">
          <reporter-output>
          </reporter-output>
        </test-method> <!-- loginExitoso -->
      </class> <!-- funcionalidad.login.LoginTest -->
    </test> <!-- Regression Tests -->
  </suite> <!-- Regression Suite -->
</testng-results>
