<?xml version="1.0" encoding="UTF-8"?>
<!-- Generated by org.testng.reporters.JUnitReportReporter -->
<testsuite hostname="DESKTOP-UF8DG65" failures="0" tests="2" name="funcionalidad.login.LoginTest" time="0.035" errors="0" timestamp="2025-07-24T20:22:49 ART" skipped="0">
  <testcase classname="funcionalidad.login.LoginTest" name="loginExitoso" time="0.010"/>
  <testcase classname="funcionalidad.login.LoginTest" name="loginConUsuarioInvalido" time="0.025"/>
</testsuite> <!-- funcionalidad.login.LoginTest -->
